  RandomArrayEvaluation.cpp
  RandomSentenceGeneration.cpp
C:\Users\bvail\Documents\GitHub\C++_COP2224_70645_Fall2020\2021-Spring\Assignment6_22.32\Assignment6_22.32\RandomSentenceGeneration.cpp(15,39): error C2143: syntax error: missing ')' before ';'
C:\Users\bvail\Documents\GitHub\C++_COP2224_70645_Fall2020\2021-Spring\Assignment6_22.32\Assignment6_22.32\RandomSentenceGeneration.cpp(15,39): error C2059: syntax error: ')'
  Generating Code...
